<?xml version="1.0" encoding="UTF-8"?>
<beans xmlns="http://www.springframework.org/schema/beans"
       xmlns:xsi="http://www.w3.org/2001/XMLSchema-instance"
       xmlns:p="http://www.springframework.org/schema/p"
       xmlns:util="http://www.springframework.org/schema/util"
       xsi:schemaLocation="http://www.springframework.org/schema/beans
                           http://www.springframework.org/schema/beans/spring-beans.xsd
                           http://www.springframework.org/schema/util
                           http://www.springframework.org/schema/util/spring-util-2.5.xsd"
   >



    <bean id="userDao" class="ua.epam.spring.hometask.dao.impl.UserDaoImpl"/>

    <util:map id="userMap1" key-type="java.lang.Long" value-type="ua.epam.spring.hometask.domain.User">
        <entry key="#{user1.id}" value-ref="user1"/>
        <entry key="#{user2.id}" value-ref="user2"/>
        <entry key="#{user3.id}" value-ref="user3"/>
    </util:map>

    <bean id="user1" class="ua.epam.spring.hometask.domain.User"
          p:id="1"
          p:email="user1@mail.com"
    />
    <bean id="user2" class="ua.epam.spring.hometask.domain.User"
          p:id="2"
          p:email="user2@mail.com"
    />
    <bean id="user3" class="ua.epam.spring.hometask.domain.User"
          p:id="3"
          p:email="user3@mail.com"
    />

</beans>